<?xml version="1.0" encoding="UTF-8"?>
<testng-results ignored="0" total="1" passed="1" failed="0" skipped="0">
  <reporter-output>
  </reporter-output>
  <suite started-at="2025-08-07T21:26:36 IST" name="mastersuite" finished-at="2025-08-07T21:26:51 IST" duration-ms="15391">
    <groups>
      <group name="sanity">
        <method signature="TC_0002LoginTest.verify_login()[pri:0, instance:testcases.TC_0002LoginTest@3b5fad2d]" name="verify_login" class="testcases.TC_0002LoginTest"/>
      </group> <!-- sanity -->
      <group name="master">
        <method signature="TC_0002LoginTest.verify_login()[pri:0, instance:testcases.TC_0002LoginTest@3b5fad2d]" name="verify_login" class="testcases.TC_0002LoginTest"/>
      </group> <!-- master -->
    </groups>
    <test started-at="2025-08-07T21:26:36 IST" name="chromeTest" finished-at="2025-08-07T21:26:51 IST" duration-ms="15391">
      <class name="testcases.TC_0002LoginTest">
        <test-method is-config="true" signature="setup(java.lang.String,java.lang.String)[pri:0, instance:testcases.TC_0002LoginTest@3b5fad2d]" started-at="2025-08-07T21:26:37 IST" name="setup" finished-at="2025-08-07T21:26:46 IST" duration-ms="9363" status="PASS">
          <params>
            <param index="0">
              <value>
                <![CDATA[windows]]>
              </value>
            </param>
            <param index="1">
              <value>
                <![CDATA[chrome]]>
              </value>
            </param>
          </params>
          <reporter-output>
          </reporter-output>
        </test-method> <!-- setup -->
        <test-method signature="verify_login()[pri:0, instance:testcases.TC_0002LoginTest@3b5fad2d]" started-at="2025-08-07T21:26:46 IST" name="verify_login" finished-at="2025-08-07T21:26:51 IST" duration-ms="4885" status="PASS">
          <reporter-output>
          </reporter-output>
        </test-method> <!-- verify_login -->
        <test-method is-config="true" signature="teardown()[pri:0, instance:testcases.TC_0002LoginTest@3b5fad2d]" started-at="2025-08-07T21:26:51 IST" name="teardown" finished-at="2025-08-07T21:26:51 IST" duration-ms="502" status="PASS">
          <reporter-output>
          </reporter-output>
        </test-method> <!-- teardown -->
      </class> <!-- testcases.TC_0002LoginTest -->
    </test> <!-- chromeTest -->
  </suite> <!-- mastersuite -->
</testng-results>
