<?xml version="1.0" encoding="UTF-8"?>
<testng-results ignored="0" total="2" passed="2" failed="0" skipped="0">
  <reporter-output>
  </reporter-output>
  <suite started-at="2025-07-19T22:05:56 IST" name="mastersuite" finished-at="2025-07-19T22:06:52 IST" duration-ms="56472">
    <groups>
      <group name="regression">
        <method signature="TC_0001AccountRegistrationTest.verify_reg()[pri:0, instance:testcases.TC_0001AccountRegistrationTest@7e6ef134]" name="verify_reg" class="testcases.TC_0001AccountRegistrationTest"/>
      </group> <!-- regression -->
      <group name="sanity">
        <method signature="TC_0002loginTest.verify_login()[pri:0, instance:testcases.TC_0002loginTest@177bea38]" name="verify_login" class="testcases.TC_0002loginTest"/>
      </group> <!-- sanity -->
      <group name="master">
        <method signature="TC_0001AccountRegistrationTest.verify_reg()[pri:0, instance:testcases.TC_0001AccountRegistrationTest@7e6ef134]" name="verify_reg" class="testcases.TC_0001AccountRegistrationTest"/>
        <method signature="TC_0002loginTest.verify_login()[pri:0, instance:testcases.TC_0002loginTest@177bea38]" name="verify_login" class="testcases.TC_0002loginTest"/>
      </group> <!-- master -->
    </groups>
    <test started-at="2025-07-19T22:05:56 IST" name="chromeTest" finished-at="2025-07-19T22:06:52 IST" duration-ms="56472">
      <class name="testcases.TC_0001AccountRegistrationTest">
        <test-method is-config="true" signature="setup(java.lang.String,java.lang.String)[pri:0, instance:testcases.TC_0001AccountRegistrationTest@7e6ef134]" started-at="2025-07-19T22:05:57 IST" name="setup" finished-at="2025-07-19T22:06:19 IST" duration-ms="22387" status="PASS">
          <params>
            <param index="0">
              <value>
                <![CDATA[windows]]>
              </value>
            </param>
            <param index="1">
              <value>
                <![CDATA[chrome]]>
              </value>
            </param>
          </params>
          <reporter-output>
          </reporter-output>
        </test-method> <!-- setup -->
        <test-method signature="verify_reg()[pri:0, instance:testcases.TC_0001AccountRegistrationTest@7e6ef134]" started-at="2025-07-19T22:06:19 IST" name="verify_reg" finished-at="2025-07-19T22:06:28 IST" duration-ms="9347" status="PASS">
          <reporter-output>
          </reporter-output>
        </test-method> <!-- verify_reg -->
        <test-method is-config="true" signature="teardown()[pri:0, instance:testcases.TC_0001AccountRegistrationTest@7e6ef134]" started-at="2025-07-19T22:06:28 IST" name="teardown" finished-at="2025-07-19T22:06:29 IST" duration-ms="489" status="PASS">
          <reporter-output>
          </reporter-output>
        </test-method> <!-- teardown -->
      </class> <!-- testcases.TC_0001AccountRegistrationTest -->
      <class name="testcases.TC_0002loginTest">
        <test-method is-config="true" signature="setup(java.lang.String,java.lang.String)[pri:0, instance:testcases.TC_0002loginTest@177bea38]" started-at="2025-07-19T22:06:29 IST" name="setup" finished-at="2025-07-19T22:06:49 IST" duration-ms="20144" status="PASS">
          <params>
            <param index="0">
              <value>
                <![CDATA[windows]]>
              </value>
            </param>
            <param index="1">
              <value>
                <![CDATA[chrome]]>
              </value>
            </param>
          </params>
          <reporter-output>
          </reporter-output>
        </test-method> <!-- setup -->
        <test-method signature="verify_login()[pri:0, instance:testcases.TC_0002loginTest@177bea38]" started-at="2025-07-19T22:06:49 IST" name="verify_login" finished-at="2025-07-19T22:06:52 IST" duration-ms="2963" status="PASS">
          <reporter-output>
          </reporter-output>
        </test-method> <!-- verify_login -->
        <test-method is-config="true" signature="teardown()[pri:0, instance:testcases.TC_0002loginTest@177bea38]" started-at="2025-07-19T22:06:52 IST" name="teardown" finished-at="2025-07-19T22:06:52 IST" duration-ms="430" status="PASS">
          <reporter-output>
          </reporter-output>
        </test-method> <!-- teardown -->
      </class> <!-- testcases.TC_0002loginTest -->
    </test> <!-- chromeTest -->
  </suite> <!-- mastersuite -->
</testng-results>
