<?xml version="1.0" encoding="UTF-8"?>
<testng-results ignored="0" total="1" passed="1" failed="0" skipped="0">
  <reporter-output>
  </reporter-output>
  <suite started-at="2025-07-17T23:57:52 IST" name="Suite" finished-at="2025-07-17T23:58:32 IST" duration-ms="40038">
    <groups>
      <group name="sanity">
        <method signature="TC_0002loginTest.verify_login()[pri:0, instance:testcases.TC_0002loginTest@736caf7a]" name="verify_login" class="testcases.TC_0002loginTest"/>
      </group> <!-- sanity -->
      <group name="master">
        <method signature="TC_0002loginTest.verify_login()[pri:0, instance:testcases.TC_0002loginTest@736caf7a]" name="verify_login" class="testcases.TC_0002loginTest"/>
      </group> <!-- master -->
    </groups>
    <test started-at="2025-07-17T23:57:52 IST" name="Test" finished-at="2025-07-17T23:58:32 IST" duration-ms="40038">
      <class name="testcases.TC_0002loginTest">
        <test-method is-config="true" signature="setup(java.lang.String,java.lang.String)[pri:0, instance:testcases.TC_0002loginTest@736caf7a]" started-at="2025-07-17T23:57:53 IST" name="setup" finished-at="2025-07-17T23:58:26 IST" duration-ms="32865" status="PASS">
          <params>
            <param index="0">
              <value>
                <![CDATA[linux]]>
              </value>
            </param>
            <param index="1">
              <value>
                <![CDATA[chrome]]>
              </value>
            </param>
          </params>
          <reporter-output>
          </reporter-output>
        </test-method> <!-- setup -->
        <test-method signature="verify_login()[pri:0, instance:testcases.TC_0002loginTest@736caf7a]" started-at="2025-07-17T23:58:26 IST" name="verify_login" finished-at="2025-07-17T23:58:32 IST" duration-ms="5950" status="PASS">
          <reporter-output>
          </reporter-output>
        </test-method> <!-- verify_login -->
        <test-method is-config="true" signature="teardown()[pri:0, instance:testcases.TC_0002loginTest@736caf7a]" started-at="2025-07-17T23:58:32 IST" name="teardown" finished-at="2025-07-17T23:58:32 IST" duration-ms="350" status="PASS">
          <reporter-output>
          </reporter-output>
        </test-method> <!-- teardown -->
      </class> <!-- testcases.TC_0002loginTest -->
    </test> <!-- Test -->
  </suite> <!-- Suite -->
</testng-results>
