<?xml version="1.0" encoding="UTF-8"?>
<!-- Generated by org.testng.reporters.JUnitReportReporter -->
<testsuite hostname="Santhosh" failures="0" tests="3" name="testcases.TC_0001AccountRegistrationTest" time="13.493" errors="0" timestamp="2025-07-15T15:00:02 IST" skipped="0">
  <testcase classname="testcases.TC_0001AccountRegistrationTest" name="verify_reg" time="5.050"/>
  <testcase classname="testcases.TC_0001AccountRegistrationTest" name="verify_reg" time="3.796"/>
  <testcase classname="testcases.TC_0001AccountRegistrationTest" name="verify_reg" time="4.647"/>
</testsuite> <!-- testcases.TC_0001AccountRegistrationTest -->
